<?xml version="1.0" encoding="UTF-8"?>
<!-- Generated by org.testng.reporters.JUnitReportReporter -->
<testsuite skipped="0" hostname="HIGURL65064" name="Tests.TripsBrokenLink" tests="1" failures="0" timestamp="11 Oct 2018 15:26:34 GMT" time="6.229" errors="0">
  <testcase name="Broken_link_tripspage" time="6.229" classname="Tests.TripsBrokenLink"/>
</testsuite> <!-- Tests.TripsBrokenLink -->
