<?xml version="1.0" encoding="UTF-8"?>
<!-- Generated by org.testng.reporters.JUnitReportReporter -->
<testsuite skipped="0" hostname="HIGURL65064" name="Tests.Vehicle_Preference" tests="3" failures="0" timestamp="23 Nov 2018 09:18:18 GMT" time="11.460" errors="0">
  <testcase name="Modify_Vehicle_Nickname" time="8.553" classname="Tests.Vehicle_Preference"/>
  <testcase name="Modify_Vehicle_Color" time="1.524" classname="Tests.Vehicle_Preference"/>
  <testcase name="Modify_License_Plate" time="1.383" classname="Tests.Vehicle_Preference"/>
</testsuite> <!-- Tests.Vehicle_Preference -->
