<?xml version="1.0" encoding="UTF-8"?>
<!-- Generated by org.testng.reporters.JUnitReportReporter -->
<testsuite skipped="0" hostname="HIGURL65064" name="Tests.Mainscreenbrokenlinks" tests="1" failures="0" timestamp="05 Oct 2018 15:21:17 GMT" time="14.538" errors="0">
  <testcase name="Broken_link_Mainscreen" time="14.538" classname="Tests.Mainscreenbrokenlinks"/>
</testsuite> <!-- Tests.Mainscreenbrokenlinks -->
