<?xml version="1.0" encoding="UTF-8"?>
<!-- Generated by org.testng.reporters.JUnitReportReporter -->
<testsuite skipped="0" hostname="HIGURL65064" name="Tests.Validate_login" tests="2" failures="0" timestamp="26 Dec 2018 12:57:23 GMT" time="83.426" errors="0">
  <testcase name="Login_with_valid_credential" time="54.304" classname="Tests.Validate_login"/>
  <testcase name="Login_with_invalid_credential" time="29.122" classname="Tests.Validate_login"/>
</testsuite> <!-- Tests.Validate_login -->
