<?xml version="1.0" encoding="UTF-8"?>
<!-- Generated by org.testng.reporters.JUnitReportReporter -->
<testsuite skipped="0" hostname="HIGURL65064" name="Emergency" tests="4" failures="0" timestamp="21 Nov 2018 14:45:29 GMT" time="18.259" errors="0">
  <testcase name="Emergency_Contact_link_status" time="6.446" classname="Emergency"/>
  <testcase name="Add_Emergency_contact" time="7.261" classname="Emergency"/>
  <testcase name="Edit_Emergency_contact" time="2.350" classname="Emergency"/>
  <testcase name="delete_Emergency_contact" time="2.202" classname="Emergency"/>
</testsuite> <!-- Emergency -->
