<?xml version="1.0" encoding="UTF-8"?>
<!-- Generated by org.testng.reporters.JUnitReportReporter -->
<testsuite skipped="0" hostname="HIGURL65064" name="Tests.VirtualMechanic" tests="13" failures="0" timestamp="21 Nov 2018 13:32:57 GMT" time="6.612" errors="0">
  <testcase name="Virtual_Mechanic_link_status" time="5.247" classname="Tests.VirtualMechanic"/>
  <testcase name="Current_diagnostics_display" time="0.312" classname="Tests.VirtualMechanic"/>
  <testcase name="Current_diagnostics_tab_clickable" time="0.096" classname="Tests.VirtualMechanic"/>
  <testcase name="faults_and_warnings" time="0.094" classname="Tests.VirtualMechanic"/>
  <testcase name="healthy_areas" time="0.110" classname="Tests.VirtualMechanic"/>
  <testcase name="Battery_health_displaying" time="0.104" classname="Tests.VirtualMechanic"/>
  <testcase name="Engine_health_displaying" time="0.095" classname="Tests.VirtualMechanic"/>
  <testcase name="Electrical_System_health_displaying" time="0.078" classname="Tests.VirtualMechanic"/>
  <testcase name="Gearbox_health_displaying" time="0.062" classname="Tests.VirtualMechanic"/>
  <testcase name="Auxilary_health_displaying" time="0.048" classname="Tests.VirtualMechanic"/>
  <testcase name="history_displaying" time="0.078" classname="Tests.VirtualMechanic"/>
  <testcase name="history_tab_clickable" time="0.047" classname="Tests.VirtualMechanic"/>
  <testcase name="history_of_faults_text_displaying" time="0.241" classname="Tests.VirtualMechanic"/>
</testsuite> <!-- Tests.VirtualMechanic -->
