<?xml version="1.0" encoding="UTF-8"?>
<!-- Generated by org.testng.reporters.JUnitReportReporter -->
<testsuite skipped="0" hostname="HIGURL65064" name="Tests.loginpage" tests="7" failures="0" timestamp="21 Nov 2018 13:35:01 GMT" time="8.429" errors="0">
  <testcase name="Entering_Login_Page" time="6.411" classname="Tests.loginpage"/>
  <testcase name="Harman_logo_visibility" time="0.075" classname="Tests.loginpage"/>
  <testcase name="Harman_Text_visibility" time="0.100" classname="Tests.loginpage"/>
  <testcase name="Forgot_Password_link_Status" time="0.043" classname="Tests.loginpage"/>
  <testcase name="Loginbutton_status_before_Enter_user_pwd" time="0.105" classname="Tests.loginpage"/>
  <testcase name="Signup_link_status" time="0.078" classname="Tests.loginpage"/>
  <testcase name="Login_validation" time="1.617" classname="Tests.loginpage"/>
</testsuite> <!-- Tests.loginpage -->
