<?xml version="1.0" encoding="UTF-8"?>
<!-- Generated by org.testng.reporters.JUnitReportReporter -->
<testsuite skipped="0" hostname="HIGURL65064" name="Tests.Geofencecreate" tests="2" failures="0" timestamp="23 Nov 2018 12:25:53 GMT" time="15.232" errors="0">
  <testcase name="Create_Geofence" time="13.114" classname="Tests.Geofencecreate"/>
  <testcase name="Delete_Geofence" time="2.118" classname="Tests.Geofencecreate"/>
</testsuite> <!-- Tests.Geofencecreate -->
