<?xml version="1.0" encoding="UTF-8"?>
<!-- Generated by org.testng.reporters.JUnitReportReporter -->
<testsuite skipped="1" hostname="HIGURL65064" name="Tests.Geofence" tests="3" failures="0" timestamp="26 Dec 2018 12:34:01 GMT" time="29.895" errors="0">
  <testcase name="Create_Geofence" time="6.556" classname="Tests.Geofence"/>
  <testcase name="Delete_Geofence" time="23.339" classname="Tests.Geofence"/>
  <testcase name="Create_Geofence_by_search_location" classname="Tests.Geofence">
    <skipped/>
  </testcase> <!-- Create_Geofence_by_search_location -->
</testsuite> <!-- Tests.Geofence -->
