<?xml version="1.0" encoding="UTF-8"?>
<!-- Generated by org.testng.reporters.JUnitReportReporter -->
<testsuite skipped="0" hostname="HIGURL65064" name="Tests.Vehicle_Preference1" tests="3" failures="0" timestamp="26 Dec 2018 12:42:05 GMT" time="6.010" errors="0">
  <testcase name="Modify_Vehicle_Nickname" time="3.208" classname="Tests.Vehicle_Preference1"/>
  <testcase name="Modify_Vehicle_Color" time="1.434" classname="Tests.Vehicle_Preference1"/>
  <testcase name="Modify_License_Plate" time="1.368" classname="Tests.Vehicle_Preference1"/>
</testsuite> <!-- Tests.Vehicle_Preference1 -->
