<?xml version="1.0" encoding="UTF-8"?>
<!-- Generated by org.testng.reporters.JUnitReportReporter -->
<testsuite skipped="0" hostname="HIGURL65064" name="Tests.HomeScreen" tests="20" failures="0" timestamp="20 Nov 2018 14:20:29 GMT" time="7.669" errors="0">
  <testcase name="Harmanlogo_Display_Mainscreen" time="5.596" classname="Tests.HomeScreen"/>
  <testcase name="Vehicle_dashboard_link_status" time="0.137" classname="Tests.HomeScreen"/>
  <testcase name="Virtual_Mechanic_link_status" time="0.140" classname="Tests.HomeScreen"/>
  <testcase name="Accident_Reports_link_status" time="0.101" classname="Tests.HomeScreen"/>
  <testcase name="Trips_link_status" time="0.095" classname="Tests.HomeScreen"/>
  <testcase name="Family_Share_link_status" time="0.170" classname="Tests.HomeScreen"/>
  <testcase name="Geofences_link_status" time="0.147" classname="Tests.HomeScreen"/>
  <testcase name="Vehicle_Preferences_link_status" time="0.168" classname="Tests.HomeScreen"/>
  <testcase name="Emergency_Contact_link_status" time="0.104" classname="Tests.HomeScreen"/>
  <testcase name="Account_link_status" time="0.048" classname="Tests.HomeScreen"/>
  <testcase name="wifi_button_display" time="0.056" classname="Tests.HomeScreen"/>
  <testcase name="battery_status" time="0.077" classname="Tests.HomeScreen"/>
  <testcase name="Virtualmechanic_Mainscreen" time="0.055" classname="Tests.HomeScreen"/>
  <testcase name="Last_trip_Mainscreen" time="0.346" classname="Tests.HomeScreen"/>
  <testcase name="Triphistorylink_Mainscreen" time="0.149" classname="Tests.HomeScreen"/>
  <testcase name="Manage_Familysharinglink_Mainscreen" time="0.068" classname="Tests.HomeScreen"/>
  <testcase name="Geofencelink_Mainscreen" time="0.029" classname="Tests.HomeScreen"/>
  <testcase name="Harmanspark_Version_Mainscreen" time="0.070" classname="Tests.HomeScreen"/>
  <testcase name="Map_display_status" time="0.051" classname="Tests.HomeScreen"/>
  <testcase name="Vehicle_name" time="0.062" classname="Tests.HomeScreen"/>
</testsuite> <!-- Tests.HomeScreen -->
