<?xml version="1.0" encoding="UTF-8"?>
<!-- Generated by org.testng.reporters.JUnitReportReporter -->
<testsuite skipped="0" hostname="HIGURL65064" name="Tests.HomeScreen" tests="20" failures="0" timestamp="13 Nov 2018 07:27:58 GMT" time="8.143" errors="0">
  <testcase name="Harmanlogo_Display_Mainscreen" time="6.020" classname="Tests.HomeScreen"/>
  <testcase name="Vehicle_dashboard_link_status" time="0.172" classname="Tests.HomeScreen"/>
  <testcase name="Virtual_Mechanic_link_status" time="0.090" classname="Tests.HomeScreen"/>
  <testcase name="Accident_Reports_link_status" time="0.197" classname="Tests.HomeScreen"/>
  <testcase name="Trips_link_status" time="0.264" classname="Tests.HomeScreen"/>
  <testcase name="Family_Share_link_status" time="0.110" classname="Tests.HomeScreen"/>
  <testcase name="Geofences_link_status" time="0.176" classname="Tests.HomeScreen"/>
  <testcase name="Vehicle_Preferences_link_status" time="0.096" classname="Tests.HomeScreen"/>
  <testcase name="Emergency_Contact_link_status" time="0.094" classname="Tests.HomeScreen"/>
  <testcase name="Account_link_status" time="0.062" classname="Tests.HomeScreen"/>
  <testcase name="wifi_button_display" time="0.062" classname="Tests.HomeScreen"/>
  <testcase name="battery_status" time="0.078" classname="Tests.HomeScreen"/>
  <testcase name="Virtualmechanic_Mainscreen" time="0.062" classname="Tests.HomeScreen"/>
  <testcase name="Last_trip_Mainscreen" time="0.349" classname="Tests.HomeScreen"/>
  <testcase name="Triphistorylink_Mainscreen" time="0.053" classname="Tests.HomeScreen"/>
  <testcase name="Manage_Familysharinglink_Mainscreen" time="0.056" classname="Tests.HomeScreen"/>
  <testcase name="Geofencelink_Mainscreen" time="0.039" classname="Tests.HomeScreen"/>
  <testcase name="Harmanspark_Version_Mainscreen" time="0.068" classname="Tests.HomeScreen"/>
  <testcase name="Map_display_status" time="0.048" classname="Tests.HomeScreen"/>
  <testcase name="Vehicle_name" time="0.047" classname="Tests.HomeScreen"/>
</testsuite> <!-- Tests.HomeScreen -->
