<?xml version="1.0" encoding="UTF-8"?>
<!-- Generated by org.testng.reporters.JUnitReportReporter -->
<testsuite skipped="0" hostname="HIGURL65064" name="Tests.Family_share" tests="12" failures="0" timestamp="26 Dec 2018 07:30:57 GMT" time="11.533" errors="0">
  <testcase name="Click_family_Sharing_link" time="6.914" classname="Tests.Family_share"/>
  <testcase name="is_Vehicle_location_header_visible" time="1.423" classname="Tests.Family_share"/>
  <testcase name="is_Vehicle_details_Shared_with_any_user" time="0.186" classname="Tests.Family_share"/>
  <testcase name="is_location_sharing_button_visible" time="0.109" classname="Tests.Family_share"/>
  <testcase name="Enable_Disable_location_sharing_button" time="1.435" classname="Tests.Family_share"/>
  <testcase name="is_mytrips_header_visible" time="0.086" classname="Tests.Family_share"/>
  <testcase name="is_mytrips_sharing_button_visible" time="0.089" classname="Tests.Family_share"/>
  <testcase name="Enable_Disable_trip_sharing_button" time="0.261" classname="Tests.Family_share"/>
  <testcase name="is_Geofence_header_visible" time="0.118" classname="Tests.Family_share"/>
  <testcase name="Enable_Disable_Geofence_sharing" time="0.596" classname="Tests.Family_share"/>
  <testcase name="is_Diagnostic_header_visible" time="0.133" classname="Tests.Family_share"/>
  <testcase name="Enable_disable_Diagnostic_sharing" time="0.183" classname="Tests.Family_share"/>
</testsuite> <!-- Tests.Family_share -->
