<?xml version="1.0" encoding="UTF-8"?>
<!-- Generated by org.testng.reporters.JUnitReportReporter -->
<testsuite skipped="0" hostname="HIGURL65064" name="Tests.Loginbrokenlinks" tests="1" failures="0" timestamp="21 Nov 2018 13:32:57 GMT" time="17.921" errors="0">
  <testcase name="Broken_link_loginpage" time="17.921" classname="Tests.Loginbrokenlinks"/>
</testsuite> <!-- Tests.Loginbrokenlinks -->
