<?xml version="1.0" encoding="UTF-8"?>
<!-- Generated by org.testng.reporters.JUnitReportReporter -->
<testsuite skipped="0" hostname="HIGURL65064" name="Tests.Test1" tests="1" failures="0" timestamp="23 Nov 2018 10:03:37 GMT" time="9.592" errors="0">
  <testcase name="f" time="9.592" classname="Tests.Test1"/>
</testsuite> <!-- Tests.Test1 -->
