<?xml version="1.0" encoding="UTF-8"?>
<!-- Generated by org.testng.reporters.JUnitReportReporter -->
<testsuite skipped="0" hostname="HIGURL65064" name="Tests.Trips" tests="17" failures="0" timestamp="22 Nov 2018 07:38:42 GMT" time="11.076" errors="0">
  <testcase name="Trips_link_status" time="6.705" classname="Tests.Trips"/>
  <testcase name="Map_status" time="2.663" classname="Tests.Trips"/>
  <testcase name="First_Trip_selected" time="0.052" classname="Tests.Trips"/>
  <testcase name="Last_Trip_details" time="0.433" classname="Tests.Trips"/>
  <testcase name="Select_secondTrip" time="0.065" classname="Tests.Trips"/>
  <testcase name="Last_Trip_Time_Taken" time="0.090" classname="Tests.Trips"/>
  <testcase name="Last_Trip_Time_icon_display" time="0.069" classname="Tests.Trips"/>
  <testcase name="Last_trip_Distance_covered" time="0.214" classname="Tests.Trips"/>
  <testcase name="Last_trip_Distance_covered_icon" time="0.121" classname="Tests.Trips"/>
  <testcase name="Last_trip_Fuel_consumption" time="0.048" classname="Tests.Trips"/>
  <testcase name="Last_trip_Fuel_consumption_icon" time="0.075" classname="Tests.Trips"/>
  <testcase name="Last_trip_Driver_score" time="0.070" classname="Tests.Trips"/>
  <testcase name="Last_trip_hard_braking" time="0.070" classname="Tests.Trips"/>
  <testcase name="Last_trip_hard_corners" time="0.072" classname="Tests.Trips"/>
  <testcase name="Last_trip_hard_acceleration" time="0.069" classname="Tests.Trips"/>
  <testcase name="Last_trip_Time_over_60_mph" time="0.068" classname="Tests.Trips"/>
  <testcase name="Last_trip_Type" time="0.192" classname="Tests.Trips"/>
</testsuite> <!-- Tests.Trips -->
