<?xml version="1.0" encoding="UTF-8"?>
<!-- Generated by org.testng.reporters.JUnitReportReporter -->
<testsuite skipped="0" hostname="HIGURL65064" name="Tests.VirtualMechanic" tests="13" failures="0" timestamp="13 Nov 2018 07:27:58 GMT" time="9.440" errors="0">
  <testcase name="Virtual_Mechanic_link_status" time="6.851" classname="Tests.VirtualMechanic"/>
  <testcase name="Current_diagnostics_display" time="1.322" classname="Tests.VirtualMechanic"/>
  <testcase name="Current_diagnostics_tab_clickable" time="0.177" classname="Tests.VirtualMechanic"/>
  <testcase name="faults_and_warnings" time="0.261" classname="Tests.VirtualMechanic"/>
  <testcase name="healthy_areas" time="0.095" classname="Tests.VirtualMechanic"/>
  <testcase name="Battery_health_displaying" time="0.154" classname="Tests.VirtualMechanic"/>
  <testcase name="Engine_health_displaying" time="0.080" classname="Tests.VirtualMechanic"/>
  <testcase name="Electrical_System_health_displaying" time="0.078" classname="Tests.VirtualMechanic"/>
  <testcase name="Gearbox_health_displaying" time="0.062" classname="Tests.VirtualMechanic"/>
  <testcase name="Auxilary_health_displaying" time="0.062" classname="Tests.VirtualMechanic"/>
  <testcase name="history_displaying" time="0.062" classname="Tests.VirtualMechanic"/>
  <testcase name="history_tab_clickable" time="0.046" classname="Tests.VirtualMechanic"/>
  <testcase name="history_of_faults_text_displaying" time="0.190" classname="Tests.VirtualMechanic"/>
</testsuite> <!-- Tests.VirtualMechanic -->
