<?xml version="1.0" encoding="UTF-8"?>
<!-- Generated by org.testng.reporters.JUnitReportReporter -->
<testsuite skipped="0" hostname="HIGURL65064" name="Tests.Trips" tests="17" failures="0" timestamp="13 Nov 2018 07:27:58 GMT" time="10.660" errors="0">
  <testcase name="Trips_link_status" time="6.429" classname="Tests.Trips"/>
  <testcase name="Map_status" time="1.889" classname="Tests.Trips"/>
  <testcase name="First_Trip_selected" time="0.194" classname="Tests.Trips"/>
  <testcase name="Last_Trip_details" time="0.508" classname="Tests.Trips"/>
  <testcase name="Select_secondTrip" time="0.214" classname="Tests.Trips"/>
  <testcase name="Last_Trip_Time_Taken" time="0.324" classname="Tests.Trips"/>
  <testcase name="Last_Trip_Time_icon_display" time="0.111" classname="Tests.Trips"/>
  <testcase name="Last_trip_Distance_covered" time="0.094" classname="Tests.Trips"/>
  <testcase name="Last_trip_Distance_covered_icon" time="0.062" classname="Tests.Trips"/>
  <testcase name="Last_trip_Fuel_consumption" time="0.078" classname="Tests.Trips"/>
  <testcase name="Last_trip_Fuel_consumption_icon" time="0.078" classname="Tests.Trips"/>
  <testcase name="Last_trip_Driver_score" time="0.093" classname="Tests.Trips"/>
  <testcase name="Last_trip_hard_braking" time="0.109" classname="Tests.Trips"/>
  <testcase name="Last_trip_hard_corners" time="0.091" classname="Tests.Trips"/>
  <testcase name="Last_trip_hard_acceleration" time="0.090" classname="Tests.Trips"/>
  <testcase name="Last_trip_Time_over_60_mph" time="0.081" classname="Tests.Trips"/>
  <testcase name="Last_trip_Type" time="0.215" classname="Tests.Trips"/>
</testsuite> <!-- Tests.Trips -->
