<?xml version="1.0" encoding="UTF-8"?>
<!-- Generated by org.testng.reporters.JUnitReportReporter -->
<testsuite skipped="0" hostname="HIGURL65064" name="Tests.Loginbrokenlinks" tests="1" failures="0" timestamp="13 Nov 2018 07:27:58 GMT" time="15.512" errors="0">
  <testcase name="Broken_link_loginpage" time="15.512" classname="Tests.Loginbrokenlinks"/>
</testsuite> <!-- Tests.Loginbrokenlinks -->
