<?xml version="1.0" encoding="UTF-8"?>
<!-- Generated by org.testng.reporters.JUnitReportReporter -->
<testsuite skipped="0" hostname="HIGURL65064" name="Tests.loginpage" tests="7" failures="0" timestamp="25 Oct 2018 11:51:53 GMT" time="13.488" errors="0">
  <testcase name="Entering_Login_Page" time="11.184" classname="Tests.loginpage"/>
  <testcase name="Harman_logo_visibility" time="0.234" classname="Tests.loginpage"/>
  <testcase name="Harman_Text_visibility" time="0.166" classname="Tests.loginpage"/>
  <testcase name="Forgot_Password_link_Status" time="0.125" classname="Tests.loginpage"/>
  <testcase name="Loginbutton_status_before_Enter_user_pwd" time="0.194" classname="Tests.loginpage"/>
  <testcase name="Signup_link_status" time="0.173" classname="Tests.loginpage"/>
  <testcase name="Login_validation" time="1.412" classname="Tests.loginpage"/>
</testsuite> <!-- Tests.loginpage -->
