<?xml version="1.0" encoding="UTF-8"?>
<!-- Generated by org.testng.reporters.JUnitReportReporter -->
<testsuite skipped="0" hostname="HIGURL65064" name="Tests.DashBoardbrokenlinks" tests="1" failures="0" timestamp="25 Oct 2018 11:51:53 GMT" time="13.874" errors="0">
  <testcase name="Broken_link_Mainscreen" time="13.874" classname="Tests.DashBoardbrokenlinks"/>
</testsuite> <!-- Tests.DashBoardbrokenlinks -->
